
Errors and Warnings while Loading Component : C:\Program Files (x86)\MSE\Magicxpa49\Add_On\UserFunctionality\UserFunctionality.eci (13/02/24 11:35:01)
======================================================================================================================================================
-----------------------------------

-----------------------------------

-----------------------------------

Errors and Warnings while Loading Component : C:\Program Files (x86)\MSE\Magicxpa49\Builders\ECI\Exercise1\New_Component1.eci (28/02/24 18:50:57)
=================================================================================================================================================
Component Files not found : Exercise1.ecf
-----------------------------------

Errors and Warnings while Loading Component : C:\Program Files (x86)\MSE\Magicxpa49\Builders\ECI\Exercise1\New_Component1.eci (28/02/24 18:51:15)
=================================================================================================================================================
Component Files not found : Exercise1.ecf
-----------------------------------

-----------------------------------

Errors and Warnings while Loading Component : C:\Program Files (x86)\MSE\Magicxpa49\Builders\ECI\Exercise1\New_Component11.eci (28/02/24 18:54:00)
==================================================================================================================================================
Component Files not found : Exercise1.ecf
-----------------------------------

-----------------------------------

Errors and Warnings while Loading Component : C:\Program Files (x86)\MSE\Magicxpa49\Builders\ECI\Exercise1\New_Component11.eci (28/02/24 18:56:35)
==================================================================================================================================================
Component Files not found : Exercise1.ecf
-----------------------------------

Errors and Warnings while Loading Component : C:\Program Files (x86)\MSE\Magicxpa49\Builders\ECI\Exercise1\New_Component11.eci (28/02/24 18:56:46)
==================================================================================================================================================
Component Files not found : Exercise1.ecf
-----------------------------------

-----------------------------------

Errors and Warnings while Loading Component : C:\Program Files (x86)\MSE\Magicxpa49\Builders\ECI\Exercise1\New_Component11.eci (28/02/24 18:57:53)
==================================================================================================================================================
Component Files not found : Exercise1.ecf
-----------------------------------
