Import warnings from file: C:\Program Files (x86)\MSE\Magicxpa49\Projects\Exercise1\Exports\Programs_24.xml (28/02/24 16:11:01)
===============================================================================================================================


Import warnings from file: C:\Program Files (x86)\MSE\Magicxpa49\Projects\Exercise1\Exports\Programs_24.xml (28/02/24 16:11:14)
===============================================================================================================================


Import warnings from file: C:\Program Files (x86)\MSE\Magicxpa49\Projects\Exercise1\Exports\Programs_24.xml (28/02/24 16:11:16)
===============================================================================================================================


Import warnings from file: C:\Program Files (x86)\MSE\Magicxpa49\Projects\Exercise1\ (04/03/24 17:14:51)
========================================================================================================


Import warnings from file: C:\Program Files (x86)\MSE\Magicxpa49\Projects\Exercise1\ (04/03/24 17:15:20)
========================================================================================================


Import warnings from file: C:\Program Files (x86)\MSE\Magicxpa49\Projects\Exercise1\ (04/03/24 17:15:22)
========================================================================================================


Import warnings from file: C:\Program Files (x86)\MSE\Magicxpa49\Projects\Exercise1\Exports\Programs_62.xml (04/03/24 17:18:15)
===============================================================================================================================


Import warnings from file: C:\Program Files (x86)\MSE\Magicxpa49\Projects\Exercise1\Exports\Programs_62.xml (04/03/24 17:18:16)
===============================================================================================================================


Import warnings from file: C:\Program Files (x86)\MSE\Magicxpa49\Projects\Exercise1\ (06/03/24 11:29:15)
========================================================================================================


Import warnings from file: C:\Program Files (x86)\MSE\Magicxpa49\Projects\Exercise1\ (06/03/24 11:30:37)
========================================================================================================


Import warnings from file: C:\Program Files (x86)\MSE\Magicxpa49\Projects\Exercise1\ (06/03/24 11:30:38)
========================================================================================================


Import warnings from file: C:\Program Files (x86)\MSE\Magicxpa49\Projects\Exercise1\ (08/03/24 13:34:49)
========================================================================================================


Import warnings from file: C:\Program Files (x86)\MSE\Magicxpa49\Projects\Exercise1\ (08/03/24 13:34:51)
========================================================================================================


Import warnings from file: C:\Program Files (x86)\MSE\Magicxpa49\Projects\Exercise1\ (08/03/24 13:35:19)
========================================================================================================


Import warnings from file: C:\Program Files (x86)\MSE\Magicxpa49\Projects\Exercise1\ (08/03/24 13:35:21)
========================================================================================================


Import warnings from file: C:\Program Files (x86)\MSE\Magicxpa49\Projects\Exercise1\ (08/03/24 13:36:43)
========================================================================================================


Import warnings from file: C:\Program Files (x86)\MSE\Magicxpa49\Projects\Exercise1\ (08/03/24 13:36:45)
========================================================================================================


Import warnings from file: C:\Program Files (x86)\MSE\Magicxpa49\Projects\Exercise1\ (11/03/24 10:38:00)
========================================================================================================


Import warnings from file: C:\Program Files (x86)\MSE\Magicxpa49\Projects\Exercise1\ (11/03/24 10:38:00)
========================================================================================================


Import warnings from file: C:\Program Files (x86)\MSE\Magicxpa49\Projects\Exercise1\ (11/03/24 10:38:02)
========================================================================================================


Import warnings from file: C:\Program Files (x86)\MSE\Magicxpa49\Projects\Exercise1\Exports\Programs_71.xml (11/03/24 10:39:43)
===============================================================================================================================


Import warnings from file: C:\Program Files (x86)\MSE\Magicxpa49\Projects\Exercise1\Exports\Programs_71.xml (11/03/24 10:39:44)
===============================================================================================================================


Import warnings from file: C:\Program Files (x86)\MSE\Magicxpa49\Projects\Exercise1\Exports\Programs.xml (11/03/24 10:44:15)
============================================================================================================================

In Program/Task 80 - Expression parse error (1077)

Import warnings from file: C:\Program Files (x86)\MSE\Magicxpa49\Projects\Exercise1\Exports\Programs_67.xml (12/03/24 12:24:57)
===============================================================================================================================


Import warnings from file: C:\Program Files (x86)\MSE\Magicxpa49\Projects\Exercise1\Exports\Programs_67.xml (12/03/24 12:25:00)
===============================================================================================================================


Import warnings from file: C:\Program Files (x86)\MSE\Magicxpa49\Projects\Exercise1\Exports\Programs_64.xml (13/03/24 15:39:41)
===============================================================================================================================


Import warnings from file: C:\Program Files (x86)\MSE\Magicxpa49\Projects\Exercise1\Exports\Programs_78.xml (13/03/24 18:51:51)
===============================================================================================================================


Import warnings from file: C:\Program Files (x86)\MSE\Magicxpa49\Projects\Exercise1\Exports\Programs_64.xml (07/05/24 16:09:52)
===============================================================================================================================


Import warnings from file: C:\Program Files (x86)\MSE\Magicxpa49\Projects\Exercise1\Exports\Programs_64.xml (07/05/24 16:13:13)
===============================================================================================================================


Import warnings from file: C:\Program Files (x86)\MSE\Magicxpa49\Projects\Exercise1\Exports\Programs_64.xml (07/05/24 16:15:16)
===============================================================================================================================


Import warnings from file: C:\Program Files (x86)\MSE\Magicxpa49\Projects\Exercise1\Exports\Programs_93.xml (10/05/24 12:51:50)
===============================================================================================================================


Import warnings from file: C:\Program Files (x86)\MSE\Magicxpa49\Projects\Exercise1\Exports\Programs_82.xml (10/05/24 17:46:35)
===============================================================================================================================


Import warnings from file: C:\Program Files (x86)\MSE\Magicxpa49\Projects\Exercise1\Exports\Programs_93.xml (13/05/24 02:18:42)
===============================================================================================================================


Import warnings from file: C:\Program Files (x86)\MSE\Magicxpa49\Projects\Exercise1\ (13/05/24 02:20:35)
========================================================================================================


Import warnings from file: C:\Program Files (x86)\MSE\Magicxpa49\Projects\Exercise1\Exports\Programs_65.xml (13/05/24 02:20:58)
===============================================================================================================================

In Program/Task 103.1.3.1.1 - Expression parse error (1077)
In Program/Task 103.1.3.1 - Expression parse error (4857)

Import warnings from file: C:\Program Files (x86)\MSE\Magicxpa49\Projects\Exercise1\Exports\Programs_98.xml (13/05/24 19:30:07)
===============================================================================================================================


Import warnings from file: C:\Program Files (x86)\MSE\Magicxpa49\Projects\Exercise1\Exports\Programs_100.xml (20/05/24 12:20:24)
================================================================================================================================


Import warnings from file: C:\Program Files (x86)\MSE\Magicxpa49\Projects\Exercise1\Exports\Programs_100.xml (20/05/24 12:20:25)
================================================================================================================================


Import warnings from file: C:\Program Files (x86)\MSE\Magicxpa49\Projects\Exercise1\Exports\Programs_88.xml (30/05/24 16:38:53)
===============================================================================================================================


Import warnings from file: C:\Program Files (x86)\MSE\Magicxpa49\Projects\Exercise1\Exports\Programs_68.xml (03/06/24 18:29:20)
===============================================================================================================================


Import warnings from file: C:\Program Files (x86)\MSE\Magicxpa49\SampleProjects\Online Samples\Exports\Programs_370.xml (11/06/24 18:47:58)
===========================================================================================================================================


